2026-03-14 19:19:54 INFO  Utils:112 - [Utils] MethodGroupsHelper.collectMethodsByGroup() took 0 ms.
2026-03-14 19:19:54 INFO  Utils:112 - [Utils] MethodGroupsHelper.sortMethods() took 2 ms.
2026-03-14 19:19:54 INFO  Utils:112 - [Utils] MethodGroupsHelper.collectMethodsByGroup() took 0 ms.
2026-03-14 19:19:54 INFO  Utils:112 - [Utils] MethodGroupsHelper.sortMethods() took 0 ms.
2026-03-14 19:19:54 INFO  Utils:112 - [Utils] MethodGroupsHelper.collectMethodsByGroup() took 0 ms.
2026-03-14 19:19:54 INFO  Utils:112 - [Utils] MethodGroupsHelper.sortMethods() took 0 ms.
2026-03-14 19:19:54 INFO  Utils:112 - [Utils] MethodGroupsHelper.collectMethodsByGroup() took 0 ms.
2026-03-14 19:19:54 INFO  Utils:112 - [Utils] MethodGroupsHelper.sortMethods() took 0 ms.
2026-03-14 19:19:54 INFO  Utils:112 - [Utils] MethodGroupsHelper.collectMethodsByGroup() took 10 ms.
2026-03-14 19:19:54 INFO  Utils:112 - [Utils] MethodGroupsHelper.sortMethods() took 17 ms.
2026-03-14 19:19:54 INFO  Utils:112 - [Utils] MethodGroupsHelper.collectMethodsByGroup() took 0 ms.
2026-03-14 19:19:54 INFO  Utils:112 - [Utils] MethodGroupsHelper.sortMethods() took 0 ms.
2026-03-14 19:19:54 INFO  Utils:112 - [Utils] MethodGroupsHelper.collectMethodsByGroup() took 0 ms.
2026-03-14 19:19:54 INFO  Utils:112 - [Utils] MethodGroupsHelper.sortMethods() took 0 ms.
2026-03-14 19:19:54 INFO  Utils:112 - [Utils] MethodGroupsHelper.collectMethodsByGroup() took 0 ms.
2026-03-14 19:19:54 INFO  Utils:112 - [Utils] MethodGroupsHelper.sortMethods() took 0 ms.
2026-03-14 19:19:54 INFO  Utils:112 - [Utils] MethodGroupsHelper.collectMethodsByGroup() took 0 ms.
2026-03-14 19:19:54 INFO  Utils:112 - [Utils] MethodGroupsHelper.sortMethods() took 0 ms.
2026-03-14 19:19:54 INFO  Utils:112 - [Utils] MethodGroupsHelper.collectMethodsByGroup() took 0 ms.
2026-03-14 19:19:54 INFO  Utils:112 - [Utils] MethodGroupsHelper.sortMethods() took 0 ms.
2026-03-14 19:19:54 INFO  Utils:112 - [Utils] MethodGroupsHelper.collectMethodsByGroup() took 0 ms.
2026-03-14 19:19:54 INFO  Utils:112 - [Utils] MethodGroupsHelper.sortMethods() took 0 ms.
2026-03-14 19:19:54 INFO  Utils:112 - [Utils] MethodGroupsHelper.collectMethodsByGroup() took 0 ms.
2026-03-14 19:19:54 INFO  Utils:112 - [Utils] MethodGroupsHelper.sortMethods() took 0 ms.
2026-03-14 19:19:54 INFO  Utils:112 - [Utils] MethodGroupsHelper.collectMethodsByGroup() took 1 ms.
2026-03-14 19:19:54 INFO  Utils:112 - [Utils] MethodGroupsHelper.sortMethods() took 0 ms.
2026-03-14 19:19:54 INFO  Utils:112 - [Utils] MethodGroupsHelper.collectMethodsByGroup() took 0 ms.
2026-03-14 19:19:54 INFO  Utils:112 - [Utils] MethodGroupsHelper.sortMethods() took 0 ms.
2026-03-14 19:19:54 INFO  Utils:112 - [Utils] MethodGroupsHelper.collectMethodsByGroup() took 0 ms.
2026-03-14 19:19:54 INFO  Utils:112 - [Utils] MethodGroupsHelper.sortMethods() took 0 ms.
2026-03-14 19:19:54 INFO  Utils:112 - [TestNG] Running:
  C:\Users\Mahesh Thampu M\AppData\Local\Temp\testng-eclipse--468337260\testng-customsuite.xml

2026-03-14 19:19:54 INFO  Utils:112 - [Utils] DynamicGraphHelper.createDynamicGraph() took 9 ms.
2026-03-14 19:19:55 INFO  Utils:112 - [TestNG] Time taken by org.testng.reporters.jq.Main@756cf158: 141 ms
2026-03-14 19:19:55 INFO  Utils:112 - [TestNG] Time taken by org.testng.reporters.FailedReporter@6c67e137: 29 ms
2026-03-14 19:19:55 INFO  Utils:112 - [TestNG] Time taken by org.testng.reporters.XMLReporter@69c79f09: 17 ms
2026-03-14 19:19:55 INFO  Utils:112 - [TestNG] Time taken by org.testng.reporters.EmailableReporter2@3624da92: 15 ms
2026-03-14 19:19:55 INFO  Utils:112 - [TestNG] Time taken by org.testng.reporters.JUnitReportReporter@464649c: 16 ms
2026-03-14 19:19:55 INFO  Utils:112 - [TestNG] Time taken by org.testng.internal.ExitCodeListener@7c22d4f: 0 ms
2026-03-14 19:20:16 INFO  Utils:112 - [Utils] MethodGroupsHelper.collectMethodsByGroup() took 0 ms.
2026-03-14 19:20:16 INFO  Utils:112 - [Utils] MethodGroupsHelper.sortMethods() took 2 ms.
2026-03-14 19:20:16 INFO  Utils:112 - [Utils] MethodGroupsHelper.collectMethodsByGroup() took 0 ms.
2026-03-14 19:20:16 INFO  Utils:112 - [Utils] MethodGroupsHelper.sortMethods() took 0 ms.
2026-03-14 19:20:16 INFO  Utils:112 - [Utils] MethodGroupsHelper.collectMethodsByGroup() took 0 ms.
2026-03-14 19:20:16 INFO  Utils:112 - [Utils] MethodGroupsHelper.sortMethods() took 0 ms.
2026-03-14 19:20:16 INFO  Utils:112 - [Utils] MethodGroupsHelper.collectMethodsByGroup() took 0 ms.
2026-03-14 19:20:16 INFO  Utils:112 - [Utils] MethodGroupsHelper.sortMethods() took 0 ms.
2026-03-14 19:20:16 INFO  Utils:112 - [Utils] MethodGroupsHelper.collectMethodsByGroup() took 10 ms.
2026-03-14 19:20:16 INFO  Utils:112 - [Utils] MethodGroupsHelper.sortMethods() took 17 ms.
2026-03-14 19:20:16 INFO  Utils:112 - [Utils] MethodGroupsHelper.collectMethodsByGroup() took 0 ms.
2026-03-14 19:20:16 INFO  Utils:112 - [Utils] MethodGroupsHelper.sortMethods() took 0 ms.
2026-03-14 19:20:16 INFO  Utils:112 - [Utils] MethodGroupsHelper.collectMethodsByGroup() took 0 ms.
2026-03-14 19:20:16 INFO  Utils:112 - [Utils] MethodGroupsHelper.sortMethods() took 0 ms.
2026-03-14 19:20:16 INFO  Utils:112 - [Utils] MethodGroupsHelper.collectMethodsByGroup() took 0 ms.
2026-03-14 19:20:16 INFO  Utils:112 - [Utils] MethodGroupsHelper.sortMethods() took 0 ms.
2026-03-14 19:20:16 INFO  Utils:112 - [Utils] MethodGroupsHelper.collectMethodsByGroup() took 0 ms.
2026-03-14 19:20:16 INFO  Utils:112 - [Utils] MethodGroupsHelper.sortMethods() took 0 ms.
2026-03-14 19:20:16 INFO  Utils:112 - [Utils] MethodGroupsHelper.collectMethodsByGroup() took 0 ms.
2026-03-14 19:20:16 INFO  Utils:112 - [Utils] MethodGroupsHelper.sortMethods() took 1 ms.
2026-03-14 19:20:16 INFO  Utils:112 - [Utils] MethodGroupsHelper.collectMethodsByGroup() took 0 ms.
2026-03-14 19:20:16 INFO  Utils:112 - [Utils] MethodGroupsHelper.sortMethods() took 0 ms.
2026-03-14 19:20:16 INFO  Utils:112 - [Utils] MethodGroupsHelper.collectMethodsByGroup() took 0 ms.
2026-03-14 19:20:16 INFO  Utils:112 - [Utils] MethodGroupsHelper.sortMethods() took 0 ms.
2026-03-14 19:20:16 INFO  Utils:112 - [Utils] MethodGroupsHelper.collectMethodsByGroup() took 0 ms.
2026-03-14 19:20:16 INFO  Utils:112 - [Utils] MethodGroupsHelper.sortMethods() took 1 ms.
2026-03-14 19:20:16 INFO  Utils:112 - [Utils] MethodGroupsHelper.collectMethodsByGroup() took 0 ms.
2026-03-14 19:20:16 INFO  Utils:112 - [Utils] MethodGroupsHelper.sortMethods() took 0 ms.
2026-03-14 19:20:16 INFO  Utils:112 - [Utils] MethodGroupsHelper.collectMethodsByGroup() took 0 ms.
2026-03-14 19:20:16 INFO  Utils:112 - [Utils] MethodGroupsHelper.sortMethods() took 0 ms.
2026-03-14 19:20:16 INFO  Utils:112 - [TestNG] Running:
  C:\Users\Mahesh Thampu M\AppData\Local\Temp\testng-eclipse--2128882864\testng-customsuite.xml

2026-03-14 19:20:16 INFO  Utils:112 - [Utils] DynamicGraphHelper.createDynamicGraph() took 8 ms.
2026-03-14 19:20:16 INFO  Utils:112 - [TestNG] Time taken by org.testng.reporters.jq.Main@36b0fcd5: 98 ms
2026-03-14 19:20:16 INFO  Utils:112 - [TestNG] Time taken by org.testng.reporters.FailedReporter@53e211ee: 42 ms
2026-03-14 19:20:16 INFO  Utils:112 - [TestNG] Time taken by org.testng.reporters.XMLReporter@6c67e137: 16 ms
2026-03-14 19:20:16 INFO  Utils:112 - [TestNG] Time taken by org.testng.reporters.EmailableReporter2@60fa3495: 15 ms
2026-03-14 19:20:16 INFO  Utils:112 - [TestNG] Time taken by org.testng.reporters.JUnitReportReporter@533b266e: 11 ms
2026-03-14 19:20:16 INFO  Utils:112 - [TestNG] Time taken by org.testng.internal.ExitCodeListener@6d1d4d7: 0 ms
2026-03-14 19:21:38 INFO  Utils:112 - [Utils] MethodGroupsHelper.collectMethodsByGroup() took 1 ms.
2026-03-14 19:21:38 INFO  Utils:112 - [Utils] MethodGroupsHelper.sortMethods() took 2 ms.
2026-03-14 19:21:38 INFO  Utils:112 - [Utils] MethodGroupsHelper.collectMethodsByGroup() took 0 ms.
2026-03-14 19:21:38 INFO  Utils:112 - [Utils] MethodGroupsHelper.sortMethods() took 0 ms.
2026-03-14 19:21:38 INFO  Utils:112 - [Utils] MethodGroupsHelper.collectMethodsByGroup() took 0 ms.
2026-03-14 19:21:38 INFO  Utils:112 - [Utils] MethodGroupsHelper.sortMethods() took 0 ms.
2026-03-14 19:21:38 INFO  Utils:112 - [Utils] MethodGroupsHelper.collectMethodsByGroup() took 0 ms.
2026-03-14 19:21:38 INFO  Utils:112 - [Utils] MethodGroupsHelper.sortMethods() took 0 ms.
2026-03-14 19:21:38 INFO  Utils:112 - [Utils] MethodGroupsHelper.collectMethodsByGroup() took 0 ms.
2026-03-14 19:21:38 INFO  Utils:112 - [Utils] MethodGroupsHelper.sortMethods() took 0 ms.
2026-03-14 19:21:38 INFO  Utils:112 - [Utils] MethodGroupsHelper.collectMethodsByGroup() took 10 ms.
2026-03-14 19:21:38 INFO  Utils:112 - [Utils] MethodGroupsHelper.sortMethods() took 16 ms.
2026-03-14 19:21:38 INFO  Utils:112 - [Utils] MethodGroupsHelper.collectMethodsByGroup() took 0 ms.
2026-03-14 19:21:38 INFO  Utils:112 - [Utils] MethodGroupsHelper.sortMethods() took 0 ms.
2026-03-14 19:21:38 INFO  Utils:112 - [Utils] MethodGroupsHelper.collectMethodsByGroup() took 0 ms.
2026-03-14 19:21:38 INFO  Utils:112 - [Utils] MethodGroupsHelper.sortMethods() took 0 ms.
2026-03-14 19:21:38 INFO  Utils:112 - [Utils] MethodGroupsHelper.collectMethodsByGroup() took 0 ms.
2026-03-14 19:21:38 INFO  Utils:112 - [Utils] MethodGroupsHelper.sortMethods() took 0 ms.
2026-03-14 19:21:38 INFO  Utils:112 - [Utils] MethodGroupsHelper.collectMethodsByGroup() took 0 ms.
2026-03-14 19:21:38 INFO  Utils:112 - [Utils] MethodGroupsHelper.sortMethods() took 0 ms.
2026-03-14 19:21:38 INFO  Utils:112 - [Utils] MethodGroupsHelper.collectMethodsByGroup() took 0 ms.
2026-03-14 19:21:38 INFO  Utils:112 - [Utils] MethodGroupsHelper.sortMethods() took 0 ms.
2026-03-14 19:21:38 INFO  Utils:112 - [Utils] MethodGroupsHelper.collectMethodsByGroup() took 0 ms.
2026-03-14 19:21:38 INFO  Utils:112 - [Utils] MethodGroupsHelper.sortMethods() took 0 ms.
2026-03-14 19:21:38 INFO  Utils:112 - [Utils] MethodGroupsHelper.collectMethodsByGroup() took 0 ms.
2026-03-14 19:21:38 INFO  Utils:112 - [Utils] MethodGroupsHelper.sortMethods() took 0 ms.
2026-03-14 19:21:38 INFO  Utils:112 - [Utils] MethodGroupsHelper.collectMethodsByGroup() took 0 ms.
2026-03-14 19:21:38 INFO  Utils:112 - [Utils] MethodGroupsHelper.sortMethods() took 0 ms.
2026-03-14 19:21:38 INFO  Utils:112 - [Utils] MethodGroupsHelper.collectMethodsByGroup() took 0 ms.
2026-03-14 19:21:38 INFO  Utils:112 - [Utils] MethodGroupsHelper.sortMethods() took 0 ms.
2026-03-14 19:21:38 INFO  Utils:112 - [TestNG] Running:
  C:\Users\Mahesh Thampu M\AppData\Local\Temp\testng-eclipse--401421600\testng-customsuite.xml

2026-03-14 19:21:38 INFO  Utils:112 - [Utils] DynamicGraphHelper.createDynamicGraph() took 7 ms.
2026-03-14 19:21:38 INFO  Utils:112 - [TestNG] Time taken by org.testng.reporters.jq.Main@4c168660: 90 ms
2026-03-14 19:21:38 INFO  Utils:112 - [TestNG] Time taken by org.testng.reporters.FailedReporter@5f2f577: 19 ms
2026-03-14 19:21:38 INFO  Utils:112 - [TestNG] Time taken by org.testng.reporters.XMLReporter@35beb15e: 32 ms
2026-03-14 19:21:38 INFO  Utils:112 - [TestNG] Time taken by org.testng.reporters.EmailableReporter2@4204541c: 13 ms
2026-03-14 19:21:38 INFO  Utils:112 - [TestNG] Time taken by org.testng.reporters.JUnitReportReporter@69c79f09: 10 ms
2026-03-14 19:21:38 INFO  Utils:112 - [TestNG] Time taken by org.testng.internal.ExitCodeListener@1ca25c47: 0 ms
2026-03-14 19:22:21 INFO  Utils:112 - [Utils] MethodGroupsHelper.collectMethodsByGroup() took 0 ms.
2026-03-14 19:22:21 INFO  Utils:112 - [Utils] MethodGroupsHelper.sortMethods() took 2 ms.
2026-03-14 19:22:21 INFO  Utils:112 - [Utils] MethodGroupsHelper.collectMethodsByGroup() took 0 ms.
2026-03-14 19:22:21 INFO  Utils:112 - [Utils] MethodGroupsHelper.sortMethods() took 0 ms.
2026-03-14 19:22:21 INFO  Utils:112 - [Utils] MethodGroupsHelper.collectMethodsByGroup() took 0 ms.
2026-03-14 19:22:21 INFO  Utils:112 - [Utils] MethodGroupsHelper.sortMethods() took 0 ms.
2026-03-14 19:22:21 INFO  Utils:112 - [Utils] MethodGroupsHelper.collectMethodsByGroup() took 0 ms.
2026-03-14 19:22:21 INFO  Utils:112 - [Utils] MethodGroupsHelper.sortMethods() took 0 ms.
2026-03-14 19:22:21 INFO  Utils:112 - [Utils] MethodGroupsHelper.collectMethodsByGroup() took 0 ms.
2026-03-14 19:22:21 INFO  Utils:112 - [Utils] MethodGroupsHelper.sortMethods() took 1 ms.
2026-03-14 19:22:21 INFO  Utils:112 - [Utils] MethodGroupsHelper.collectMethodsByGroup() took 10 ms.
2026-03-14 19:22:21 INFO  Utils:112 - [Utils] MethodGroupsHelper.sortMethods() took 15 ms.
2026-03-14 19:22:21 INFO  Utils:112 - [Utils] MethodGroupsHelper.collectMethodsByGroup() took 0 ms.
2026-03-14 19:22:21 INFO  Utils:112 - [Utils] MethodGroupsHelper.sortMethods() took 0 ms.
2026-03-14 19:22:21 INFO  Utils:112 - [Utils] MethodGroupsHelper.collectMethodsByGroup() took 0 ms.
2026-03-14 19:22:21 INFO  Utils:112 - [Utils] MethodGroupsHelper.sortMethods() took 0 ms.
2026-03-14 19:22:21 INFO  Utils:112 - [Utils] MethodGroupsHelper.collectMethodsByGroup() took 0 ms.
2026-03-14 19:22:21 INFO  Utils:112 - [Utils] MethodGroupsHelper.sortMethods() took 0 ms.
2026-03-14 19:22:21 INFO  Utils:112 - [Utils] MethodGroupsHelper.collectMethodsByGroup() took 0 ms.
2026-03-14 19:22:21 INFO  Utils:112 - [Utils] MethodGroupsHelper.sortMethods() took 0 ms.
2026-03-14 19:22:21 INFO  Utils:112 - [Utils] MethodGroupsHelper.collectMethodsByGroup() took 0 ms.
2026-03-14 19:22:21 INFO  Utils:112 - [Utils] MethodGroupsHelper.sortMethods() took 0 ms.
2026-03-14 19:22:21 INFO  Utils:112 - [Utils] MethodGroupsHelper.collectMethodsByGroup() took 0 ms.
2026-03-14 19:22:21 INFO  Utils:112 - [Utils] MethodGroupsHelper.sortMethods() took 0 ms.
2026-03-14 19:22:21 INFO  Utils:112 - [Utils] MethodGroupsHelper.collectMethodsByGroup() took 1 ms.
2026-03-14 19:22:21 INFO  Utils:112 - [Utils] MethodGroupsHelper.sortMethods() took 1 ms.
2026-03-14 19:22:21 INFO  Utils:112 - [Utils] MethodGroupsHelper.collectMethodsByGroup() took 0 ms.
2026-03-14 19:22:21 INFO  Utils:112 - [Utils] MethodGroupsHelper.sortMethods() took 1 ms.
2026-03-14 19:22:21 INFO  Utils:112 - [Utils] MethodGroupsHelper.collectMethodsByGroup() took 0 ms.
2026-03-14 19:22:21 INFO  Utils:112 - [Utils] MethodGroupsHelper.sortMethods() took 0 ms.
2026-03-14 19:22:21 INFO  Utils:112 - [TestNG] Running:
  C:\Users\Mahesh Thampu M\AppData\Local\Temp\testng-eclipse-868896675\testng-customsuite.xml

2026-03-14 19:22:21 INFO  Utils:112 - [Utils] DynamicGraphHelper.createDynamicGraph() took 8 ms.
2026-03-14 19:22:22 INFO  Utils:112 - [TestNG] Time taken by org.testng.reporters.jq.Main@4c168660: 101 ms
2026-03-14 19:22:22 INFO  Utils:112 - [TestNG] Time taken by org.testng.reporters.FailedReporter@5f2f577: 24 ms
2026-03-14 19:22:22 INFO  Utils:112 - [TestNG] Time taken by org.testng.reporters.XMLReporter@35beb15e: 38 ms
2026-03-14 19:22:22 INFO  Utils:112 - [TestNG] Time taken by org.testng.reporters.EmailableReporter2@4204541c: 18 ms
2026-03-14 19:22:22 INFO  Utils:112 - [TestNG] Time taken by org.testng.reporters.JUnitReportReporter@69c79f09: 15 ms
2026-03-14 19:22:22 INFO  Utils:112 - [TestNG] Time taken by org.testng.internal.ExitCodeListener@1ca25c47: 1 ms
2026-03-14 19:23:05 INFO  Utils:112 - [Utils] MethodGroupsHelper.collectMethodsByGroup() took 1 ms.
2026-03-14 19:23:05 INFO  Utils:112 - [Utils] MethodGroupsHelper.sortMethods() took 2 ms.
2026-03-14 19:23:05 INFO  Utils:112 - [Utils] MethodGroupsHelper.collectMethodsByGroup() took 0 ms.
2026-03-14 19:23:05 INFO  Utils:112 - [Utils] MethodGroupsHelper.sortMethods() took 0 ms.
2026-03-14 19:23:05 INFO  Utils:112 - [Utils] MethodGroupsHelper.collectMethodsByGroup() took 0 ms.
2026-03-14 19:23:05 INFO  Utils:112 - [Utils] MethodGroupsHelper.sortMethods() took 0 ms.
2026-03-14 19:23:05 INFO  Utils:112 - [Utils] MethodGroupsHelper.collectMethodsByGroup() took 0 ms.
2026-03-14 19:23:05 INFO  Utils:112 - [Utils] MethodGroupsHelper.sortMethods() took 0 ms.
2026-03-14 19:23:05 INFO  Utils:112 - [Utils] MethodGroupsHelper.collectMethodsByGroup() took 11 ms.
2026-03-14 19:23:05 INFO  Utils:112 - [Utils] MethodGroupsHelper.sortMethods() took 21 ms.
2026-03-14 19:23:05 INFO  Utils:112 - [Utils] MethodGroupsHelper.collectMethodsByGroup() took 0 ms.
2026-03-14 19:23:05 INFO  Utils:112 - [Utils] MethodGroupsHelper.sortMethods() took 0 ms.
2026-03-14 19:23:05 INFO  Utils:112 - [Utils] MethodGroupsHelper.collectMethodsByGroup() took 0 ms.
2026-03-14 19:23:05 INFO  Utils:112 - [Utils] MethodGroupsHelper.sortMethods() took 0 ms.
2026-03-14 19:23:05 INFO  Utils:112 - [Utils] MethodGroupsHelper.collectMethodsByGroup() took 0 ms.
2026-03-14 19:23:05 INFO  Utils:112 - [Utils] MethodGroupsHelper.sortMethods() took 0 ms.
2026-03-14 19:23:05 INFO  Utils:112 - [Utils] MethodGroupsHelper.collectMethodsByGroup() took 0 ms.
2026-03-14 19:23:05 INFO  Utils:112 - [Utils] MethodGroupsHelper.sortMethods() took 0 ms.
2026-03-14 19:23:05 INFO  Utils:112 - [Utils] MethodGroupsHelper.collectMethodsByGroup() took 0 ms.
2026-03-14 19:23:05 INFO  Utils:112 - [Utils] MethodGroupsHelper.sortMethods() took 0 ms.
2026-03-14 19:23:05 INFO  Utils:112 - [Utils] MethodGroupsHelper.collectMethodsByGroup() took 0 ms.
2026-03-14 19:23:05 INFO  Utils:112 - [Utils] MethodGroupsHelper.sortMethods() took 0 ms.
2026-03-14 19:23:05 INFO  Utils:112 - [Utils] MethodGroupsHelper.collectMethodsByGroup() took 0 ms.
2026-03-14 19:23:05 INFO  Utils:112 - [Utils] MethodGroupsHelper.sortMethods() took 0 ms.
2026-03-14 19:23:05 INFO  Utils:112 - [Utils] MethodGroupsHelper.collectMethodsByGroup() took 0 ms.
2026-03-14 19:23:05 INFO  Utils:112 - [Utils] MethodGroupsHelper.sortMethods() took 1 ms.
2026-03-14 19:23:05 INFO  Utils:112 - [Utils] MethodGroupsHelper.collectMethodsByGroup() took 0 ms.
2026-03-14 19:23:05 INFO  Utils:112 - [Utils] MethodGroupsHelper.sortMethods() took 0 ms.
2026-03-14 19:23:05 INFO  Utils:112 - [Utils] MethodGroupsHelper.collectMethodsByGroup() took 0 ms.
2026-03-14 19:23:05 INFO  Utils:112 - [Utils] MethodGroupsHelper.sortMethods() took 0 ms.
2026-03-14 19:23:05 INFO  Utils:112 - [TestNG] Running:
  C:\Users\Mahesh Thampu M\AppData\Local\Temp\testng-eclipse-1744462578\testng-customsuite.xml

2026-03-14 19:23:05 INFO  Utils:112 - [Utils] DynamicGraphHelper.createDynamicGraph() took 6 ms.
2026-03-14 19:23:05 INFO  Utils:112 - [TestNG] Time taken by org.testng.reporters.jq.Main@4c168660: 88 ms
2026-03-14 19:23:05 INFO  Utils:112 - [TestNG] Time taken by org.testng.reporters.FailedReporter@611df6e3: 44 ms
2026-03-14 19:23:05 INFO  Utils:112 - [TestNG] Time taken by org.testng.reporters.XMLReporter@4a9f80d3: 18 ms
2026-03-14 19:23:05 INFO  Utils:112 - [TestNG] Time taken by org.testng.reporters.EmailableReporter2@60d8c0dc: 15 ms
2026-03-14 19:23:05 INFO  Utils:112 - [TestNG] Time taken by org.testng.reporters.JUnitReportReporter@1849db1a: 16 ms
2026-03-14 19:23:05 INFO  Utils:112 - [TestNG] Time taken by org.testng.internal.ExitCodeListener@69c79f09: 0 ms
2026-03-14 19:23:46 INFO  Utils:112 - [Utils] MethodGroupsHelper.collectMethodsByGroup() took 0 ms.
2026-03-14 19:23:46 INFO  Utils:112 - [Utils] MethodGroupsHelper.sortMethods() took 3 ms.
2026-03-14 19:23:46 INFO  Utils:112 - [Utils] MethodGroupsHelper.collectMethodsByGroup() took 0 ms.
2026-03-14 19:23:46 INFO  Utils:112 - [Utils] MethodGroupsHelper.sortMethods() took 0 ms.
2026-03-14 19:23:46 INFO  Utils:112 - [Utils] MethodGroupsHelper.collectMethodsByGroup() took 0 ms.
2026-03-14 19:23:46 INFO  Utils:112 - [Utils] MethodGroupsHelper.sortMethods() took 0 ms.
2026-03-14 19:23:46 INFO  Utils:112 - [Utils] MethodGroupsHelper.collectMethodsByGroup() took 0 ms.
2026-03-14 19:23:46 INFO  Utils:112 - [Utils] MethodGroupsHelper.sortMethods() took 0 ms.
2026-03-14 19:23:46 INFO  Utils:112 - [Utils] MethodGroupsHelper.collectMethodsByGroup() took 10 ms.
2026-03-14 19:23:46 INFO  Utils:112 - [Utils] MethodGroupsHelper.sortMethods() took 19 ms.
2026-03-14 19:23:46 INFO  Utils:112 - [Utils] MethodGroupsHelper.collectMethodsByGroup() took 0 ms.
2026-03-14 19:23:46 INFO  Utils:112 - [Utils] MethodGroupsHelper.sortMethods() took 0 ms.
2026-03-14 19:23:46 INFO  Utils:112 - [Utils] MethodGroupsHelper.collectMethodsByGroup() took 0 ms.
2026-03-14 19:23:46 INFO  Utils:112 - [Utils] MethodGroupsHelper.sortMethods() took 0 ms.
2026-03-14 19:23:46 INFO  Utils:112 - [Utils] MethodGroupsHelper.collectMethodsByGroup() took 0 ms.
2026-03-14 19:23:46 INFO  Utils:112 - [Utils] MethodGroupsHelper.sortMethods() took 0 ms.
2026-03-14 19:23:46 INFO  Utils:112 - [Utils] MethodGroupsHelper.collectMethodsByGroup() took 0 ms.
2026-03-14 19:23:46 INFO  Utils:112 - [Utils] MethodGroupsHelper.sortMethods() took 0 ms.
2026-03-14 19:23:46 INFO  Utils:112 - [Utils] MethodGroupsHelper.collectMethodsByGroup() took 0 ms.
2026-03-14 19:23:46 INFO  Utils:112 - [Utils] MethodGroupsHelper.sortMethods() took 0 ms.
2026-03-14 19:23:46 INFO  Utils:112 - [Utils] MethodGroupsHelper.collectMethodsByGroup() took 0 ms.
2026-03-14 19:23:46 INFO  Utils:112 - [Utils] MethodGroupsHelper.sortMethods() took 0 ms.
2026-03-14 19:23:46 INFO  Utils:112 - [Utils] MethodGroupsHelper.collectMethodsByGroup() took 0 ms.
2026-03-14 19:23:46 INFO  Utils:112 - [Utils] MethodGroupsHelper.sortMethods() took 0 ms.
2026-03-14 19:23:46 INFO  Utils:112 - [Utils] MethodGroupsHelper.collectMethodsByGroup() took 1 ms.
2026-03-14 19:23:46 INFO  Utils:112 - [Utils] MethodGroupsHelper.sortMethods() took 1 ms.
2026-03-14 19:23:46 INFO  Utils:112 - [Utils] MethodGroupsHelper.collectMethodsByGroup() took 0 ms.
2026-03-14 19:23:46 INFO  Utils:112 - [Utils] MethodGroupsHelper.sortMethods() took 0 ms.
2026-03-14 19:23:46 INFO  Utils:112 - [Utils] MethodGroupsHelper.collectMethodsByGroup() took 0 ms.
2026-03-14 19:23:46 INFO  Utils:112 - [Utils] MethodGroupsHelper.sortMethods() took 0 ms.
2026-03-14 19:23:46 INFO  Utils:112 - [TestNG] Running:
  C:\Users\Mahesh Thampu M\AppData\Local\Temp\testng-eclipse--1130335231\testng-customsuite.xml

2026-03-14 19:23:46 INFO  Utils:112 - [Utils] DynamicGraphHelper.createDynamicGraph() took 6 ms.
2026-03-14 19:23:50 INFO  TC_001_AccountRegistrationTest:22 - Started test case
2026-03-14 19:23:53 INFO  TC_001_AccountRegistrationTest:61 - finised
2026-03-14 19:23:54 INFO  Utils:112 - [TestNG] Time taken by org.testng.reporters.jq.Main@6eb82908: 87 ms
2026-03-14 19:23:54 INFO  Utils:112 - [TestNG] Time taken by org.testng.reporters.FailedReporter@2f2d52ef: 1 ms
2026-03-14 19:23:54 INFO  Utils:112 - [TestNG] Time taken by org.testng.reporters.XMLReporter@56d93692: 10 ms
2026-03-14 19:23:54 INFO  Utils:112 - [TestNG] Time taken by org.testng.reporters.EmailableReporter2@7c1812b3: 8 ms
2026-03-14 19:23:54 INFO  Utils:112 - [TestNG] Time taken by org.testng.reporters.JUnitReportReporter@2ca5f1ed: 8 ms
2026-03-14 19:23:54 INFO  Utils:112 - [TestNG] Time taken by org.testng.internal.ExitCodeListener@6c03fb16: 0 ms
2026-03-14 20:30:15 INFO  Utils:112 - [Utils] MethodGroupsHelper.collectMethodsByGroup() took 1 ms.
2026-03-14 20:30:15 INFO  Utils:112 - [Utils] MethodGroupsHelper.sortMethods() took 3 ms.
2026-03-14 20:30:15 INFO  Utils:112 - [Utils] MethodGroupsHelper.collectMethodsByGroup() took 0 ms.
2026-03-14 20:30:15 INFO  Utils:112 - [Utils] MethodGroupsHelper.sortMethods() took 0 ms.
2026-03-14 20:30:15 INFO  Utils:112 - [Utils] MethodGroupsHelper.collectMethodsByGroup() took 0 ms.
2026-03-14 20:30:15 INFO  Utils:112 - [Utils] MethodGroupsHelper.sortMethods() took 0 ms.
2026-03-14 20:30:15 INFO  Utils:112 - [Utils] MethodGroupsHelper.collectMethodsByGroup() took 0 ms.
2026-03-14 20:30:15 INFO  Utils:112 - [Utils] MethodGroupsHelper.sortMethods() took 0 ms.
2026-03-14 20:30:15 INFO  Utils:112 - [Utils] MethodGroupsHelper.collectMethodsByGroup() took 11 ms.
2026-03-14 20:30:15 INFO  Utils:112 - [Utils] MethodGroupsHelper.sortMethods() took 19 ms.
2026-03-14 20:30:15 INFO  Utils:112 - [Utils] MethodGroupsHelper.collectMethodsByGroup() took 0 ms.
2026-03-14 20:30:15 INFO  Utils:112 - [Utils] MethodGroupsHelper.sortMethods() took 1 ms.
2026-03-14 20:30:15 INFO  Utils:112 - [Utils] MethodGroupsHelper.collectMethodsByGroup() took 0 ms.
2026-03-14 20:30:15 INFO  Utils:112 - [Utils] MethodGroupsHelper.sortMethods() took 0 ms.
2026-03-14 20:30:15 INFO  Utils:112 - [Utils] MethodGroupsHelper.collectMethodsByGroup() took 0 ms.
2026-03-14 20:30:15 INFO  Utils:112 - [Utils] MethodGroupsHelper.sortMethods() took 0 ms.
2026-03-14 20:30:15 INFO  Utils:112 - [Utils] MethodGroupsHelper.collectMethodsByGroup() took 0 ms.
2026-03-14 20:30:15 INFO  Utils:112 - [Utils] MethodGroupsHelper.sortMethods() took 0 ms.
2026-03-14 20:30:15 INFO  Utils:112 - [Utils] MethodGroupsHelper.collectMethodsByGroup() took 0 ms.
2026-03-14 20:30:15 INFO  Utils:112 - [Utils] MethodGroupsHelper.sortMethods() took 0 ms.
2026-03-14 20:30:15 INFO  Utils:112 - [Utils] MethodGroupsHelper.collectMethodsByGroup() took 0 ms.
2026-03-14 20:30:15 INFO  Utils:112 - [Utils] MethodGroupsHelper.sortMethods() took 0 ms.
2026-03-14 20:30:15 INFO  Utils:112 - [Utils] MethodGroupsHelper.collectMethodsByGroup() took 0 ms.
2026-03-14 20:30:15 INFO  Utils:112 - [Utils] MethodGroupsHelper.sortMethods() took 0 ms.
2026-03-14 20:30:15 INFO  Utils:112 - [Utils] MethodGroupsHelper.collectMethodsByGroup() took 0 ms.
2026-03-14 20:30:15 INFO  Utils:112 - [Utils] MethodGroupsHelper.sortMethods() took 0 ms.
2026-03-14 20:30:15 INFO  Utils:112 - [Utils] MethodGroupsHelper.collectMethodsByGroup() took 0 ms.
2026-03-14 20:30:15 INFO  Utils:112 - [Utils] MethodGroupsHelper.sortMethods() took 0 ms.
2026-03-14 20:30:15 INFO  Utils:112 - [Utils] MethodGroupsHelper.collectMethodsByGroup() took 0 ms.
2026-03-14 20:30:15 INFO  Utils:112 - [Utils] MethodGroupsHelper.sortMethods() took 0 ms.
2026-03-14 20:30:15 INFO  Utils:112 - [TestNG] Running:
  C:\Users\Mahesh Thampu M\AppData\Local\Temp\testng-eclipse-687469741\testng-customsuite.xml

2026-03-14 20:30:15 INFO  Utils:112 - [Utils] DynamicGraphHelper.createDynamicGraph() took 7 ms.
2026-03-14 20:30:15 INFO  Utils:112 - [TestNG] Time taken by org.testng.reporters.jq.Main@52b56a3e: 102 ms
2026-03-14 20:30:15 INFO  Utils:112 - [TestNG] Time taken by org.testng.reporters.FailedReporter@5f2f577: 43 ms
2026-03-14 20:30:15 INFO  Utils:112 - [TestNG] Time taken by org.testng.reporters.XMLReporter@35beb15e: 17 ms
2026-03-14 20:30:15 INFO  Utils:112 - [TestNG] Time taken by org.testng.reporters.EmailableReporter2@4204541c: 16 ms
2026-03-14 20:30:15 INFO  Utils:112 - [TestNG] Time taken by org.testng.reporters.JUnitReportReporter@69c79f09: 14 ms
2026-03-14 20:30:15 INFO  Utils:112 - [TestNG] Time taken by org.testng.internal.ExitCodeListener@1ca25c47: 0 ms
2026-03-14 20:30:52 INFO  Utils:112 - [Utils] MethodGroupsHelper.collectMethodsByGroup() took 1 ms.
2026-03-14 20:30:52 INFO  Utils:112 - [Utils] MethodGroupsHelper.sortMethods() took 2 ms.
2026-03-14 20:30:52 INFO  Utils:112 - [Utils] MethodGroupsHelper.collectMethodsByGroup() took 0 ms.
2026-03-14 20:30:52 INFO  Utils:112 - [Utils] MethodGroupsHelper.sortMethods() took 0 ms.
2026-03-14 20:30:52 INFO  Utils:112 - [Utils] MethodGroupsHelper.collectMethodsByGroup() took 0 ms.
2026-03-14 20:30:52 INFO  Utils:112 - [Utils] MethodGroupsHelper.sortMethods() took 1 ms.
2026-03-14 20:30:52 INFO  Utils:112 - [Utils] MethodGroupsHelper.collectMethodsByGroup() took 0 ms.
2026-03-14 20:30:52 INFO  Utils:112 - [Utils] MethodGroupsHelper.sortMethods() took 0 ms.
2026-03-14 20:30:52 INFO  Utils:112 - [Utils] MethodGroupsHelper.collectMethodsByGroup() took 10 ms.
2026-03-14 20:30:52 INFO  Utils:112 - [Utils] MethodGroupsHelper.sortMethods() took 16 ms.
2026-03-14 20:30:52 INFO  Utils:112 - [Utils] MethodGroupsHelper.collectMethodsByGroup() took 0 ms.
2026-03-14 20:30:52 INFO  Utils:112 - [Utils] MethodGroupsHelper.sortMethods() took 1 ms.
2026-03-14 20:30:52 INFO  Utils:112 - [Utils] MethodGroupsHelper.collectMethodsByGroup() took 0 ms.
2026-03-14 20:30:52 INFO  Utils:112 - [Utils] MethodGroupsHelper.sortMethods() took 0 ms.
2026-03-14 20:30:52 INFO  Utils:112 - [Utils] MethodGroupsHelper.collectMethodsByGroup() took 0 ms.
2026-03-14 20:30:52 INFO  Utils:112 - [Utils] MethodGroupsHelper.sortMethods() took 0 ms.
2026-03-14 20:30:52 INFO  Utils:112 - [Utils] MethodGroupsHelper.collectMethodsByGroup() took 0 ms.
2026-03-14 20:30:52 INFO  Utils:112 - [Utils] MethodGroupsHelper.sortMethods() took 0 ms.
2026-03-14 20:30:52 INFO  Utils:112 - [Utils] MethodGroupsHelper.collectMethodsByGroup() took 0 ms.
2026-03-14 20:30:52 INFO  Utils:112 - [Utils] MethodGroupsHelper.sortMethods() took 0 ms.
2026-03-14 20:30:52 INFO  Utils:112 - [Utils] MethodGroupsHelper.collectMethodsByGroup() took 0 ms.
2026-03-14 20:30:52 INFO  Utils:112 - [Utils] MethodGroupsHelper.sortMethods() took 0 ms.
2026-03-14 20:30:52 INFO  Utils:112 - [Utils] MethodGroupsHelper.collectMethodsByGroup() took 0 ms.
2026-03-14 20:30:52 INFO  Utils:112 - [Utils] MethodGroupsHelper.sortMethods() took 0 ms.
2026-03-14 20:30:52 INFO  Utils:112 - [Utils] MethodGroupsHelper.collectMethodsByGroup() took 0 ms.
2026-03-14 20:30:52 INFO  Utils:112 - [Utils] MethodGroupsHelper.sortMethods() took 1 ms.
2026-03-14 20:30:52 INFO  Utils:112 - [Utils] MethodGroupsHelper.collectMethodsByGroup() took 0 ms.
2026-03-14 20:30:52 INFO  Utils:112 - [Utils] MethodGroupsHelper.sortMethods() took 0 ms.
2026-03-14 20:30:52 INFO  Utils:112 - [Utils] MethodGroupsHelper.collectMethodsByGroup() took 0 ms.
2026-03-14 20:30:52 INFO  Utils:112 - [Utils] MethodGroupsHelper.sortMethods() took 0 ms.
2026-03-14 20:30:53 INFO  Utils:112 - [TestNG] Running:
  C:\Users\Mahesh Thampu M\AppData\Local\Temp\testng-eclipse--1009010753\testng-customsuite.xml

2026-03-14 20:30:53 INFO  Utils:112 - [Utils] DynamicGraphHelper.createDynamicGraph() took 8 ms.
2026-03-14 20:30:53 INFO  Utils:112 - [TestNG] Time taken by org.testng.reporters.jq.Main@52b56a3e: 111 ms
2026-03-14 20:30:53 INFO  Utils:112 - [TestNG] Time taken by org.testng.reporters.FailedReporter@5f2f577: 27 ms
2026-03-14 20:30:53 INFO  Utils:112 - [TestNG] Time taken by org.testng.reporters.XMLReporter@35beb15e: 16 ms
2026-03-14 20:30:53 INFO  Utils:112 - [TestNG] Time taken by org.testng.reporters.EmailableReporter2@4204541c: 16 ms
2026-03-14 20:30:53 INFO  Utils:112 - [TestNG] Time taken by org.testng.reporters.JUnitReportReporter@69c79f09: 12 ms
2026-03-14 20:30:53 INFO  Utils:112 - [TestNG] Time taken by org.testng.internal.ExitCodeListener@1ca25c47: 0 ms
2026-03-14 20:33:18 INFO  Utils:112 - [Utils] MethodGroupsHelper.collectMethodsByGroup() took 2 ms.
2026-03-14 20:33:18 INFO  Utils:112 - [Utils] MethodGroupsHelper.sortMethods() took 3 ms.
2026-03-14 20:33:18 INFO  Utils:112 - [Utils] MethodGroupsHelper.collectMethodsByGroup() took 0 ms.
2026-03-14 20:33:18 INFO  Utils:112 - [Utils] MethodGroupsHelper.sortMethods() took 0 ms.
2026-03-14 20:33:18 INFO  Utils:112 - [Utils] MethodGroupsHelper.collectMethodsByGroup() took 0 ms.
2026-03-14 20:33:18 INFO  Utils:112 - [Utils] MethodGroupsHelper.sortMethods() took 0 ms.
2026-03-14 20:33:18 INFO  Utils:112 - [Utils] MethodGroupsHelper.collectMethodsByGroup() took 0 ms.
2026-03-14 20:33:18 INFO  Utils:112 - [Utils] MethodGroupsHelper.sortMethods() took 0 ms.
2026-03-14 20:33:18 INFO  Utils:112 - [Utils] MethodGroupsHelper.collectMethodsByGroup() took 10 ms.
2026-03-14 20:33:18 INFO  Utils:112 - [Utils] MethodGroupsHelper.sortMethods() took 15 ms.
2026-03-14 20:33:18 INFO  Utils:112 - [Utils] MethodGroupsHelper.collectMethodsByGroup() took 0 ms.
2026-03-14 20:33:18 INFO  Utils:112 - [Utils] MethodGroupsHelper.sortMethods() took 0 ms.
2026-03-14 20:33:18 INFO  Utils:112 - [Utils] MethodGroupsHelper.collectMethodsByGroup() took 0 ms.
2026-03-14 20:33:18 INFO  Utils:112 - [Utils] MethodGroupsHelper.sortMethods() took 0 ms.
2026-03-14 20:33:18 INFO  Utils:112 - [Utils] MethodGroupsHelper.collectMethodsByGroup() took 0 ms.
2026-03-14 20:33:18 INFO  Utils:112 - [Utils] MethodGroupsHelper.sortMethods() took 0 ms.
2026-03-14 20:33:18 INFO  Utils:112 - [Utils] MethodGroupsHelper.collectMethodsByGroup() took 0 ms.
2026-03-14 20:33:18 INFO  Utils:112 - [Utils] MethodGroupsHelper.sortMethods() took 0 ms.
2026-03-14 20:33:18 INFO  Utils:112 - [Utils] MethodGroupsHelper.collectMethodsByGroup() took 0 ms.
2026-03-14 20:33:18 INFO  Utils:112 - [Utils] MethodGroupsHelper.sortMethods() took 0 ms.
2026-03-14 20:33:18 INFO  Utils:112 - [Utils] MethodGroupsHelper.collectMethodsByGroup() took 0 ms.
2026-03-14 20:33:18 INFO  Utils:112 - [Utils] MethodGroupsHelper.sortMethods() took 0 ms.
2026-03-14 20:33:18 INFO  Utils:112 - [Utils] MethodGroupsHelper.collectMethodsByGroup() took 0 ms.
2026-03-14 20:33:18 INFO  Utils:112 - [Utils] MethodGroupsHelper.sortMethods() took 0 ms.
2026-03-14 20:33:18 INFO  Utils:112 - [Utils] MethodGroupsHelper.collectMethodsByGroup() took 0 ms.
2026-03-14 20:33:18 INFO  Utils:112 - [Utils] MethodGroupsHelper.sortMethods() took 0 ms.
2026-03-14 20:33:18 INFO  Utils:112 - [Utils] MethodGroupsHelper.collectMethodsByGroup() took 0 ms.
2026-03-14 20:33:18 INFO  Utils:112 - [Utils] MethodGroupsHelper.sortMethods() took 0 ms.
2026-03-14 20:33:18 INFO  Utils:112 - [Utils] MethodGroupsHelper.collectMethodsByGroup() took 0 ms.
2026-03-14 20:33:18 INFO  Utils:112 - [Utils] MethodGroupsHelper.sortMethods() took 0 ms.
2026-03-14 20:33:18 INFO  Utils:112 - [TestNG] Running:
  C:\Users\Mahesh Thampu M\AppData\Local\Temp\testng-eclipse-1370107879\testng-customsuite.xml

2026-03-14 20:33:18 INFO  Utils:112 - [Utils] DynamicGraphHelper.createDynamicGraph() took 7 ms.
2026-03-14 20:33:18 INFO  Utils:112 - [TestNG] Time taken by org.testng.reporters.jq.Main@235f4c10: 96 ms
2026-03-14 20:33:18 INFO  Utils:112 - [TestNG] Time taken by org.testng.reporters.FailedReporter@751d3241: 41 ms
2026-03-14 20:33:18 INFO  Utils:112 - [TestNG] Time taken by org.testng.reporters.XMLReporter@76a36b71: 19 ms
2026-03-14 20:33:18 INFO  Utils:112 - [TestNG] Time taken by org.testng.reporters.EmailableReporter2@172ca72b: 18 ms
2026-03-14 20:33:18 INFO  Utils:112 - [TestNG] Time taken by org.testng.reporters.JUnitReportReporter@4204541c: 11 ms
2026-03-14 20:33:18 INFO  Utils:112 - [TestNG] Time taken by org.testng.internal.ExitCodeListener@6a62689d: 1 ms
2026-03-14 20:34:23 INFO  Utils:112 - [Utils] MethodGroupsHelper.collectMethodsByGroup() took 1 ms.
2026-03-14 20:34:23 INFO  Utils:112 - [Utils] MethodGroupsHelper.sortMethods() took 3 ms.
2026-03-14 20:34:23 INFO  Utils:112 - [Utils] MethodGroupsHelper.collectMethodsByGroup() took 0 ms.
2026-03-14 20:34:23 INFO  Utils:112 - [Utils] MethodGroupsHelper.sortMethods() took 0 ms.
2026-03-14 20:34:23 INFO  Utils:112 - [Utils] MethodGroupsHelper.collectMethodsByGroup() took 0 ms.
2026-03-14 20:34:23 INFO  Utils:112 - [Utils] MethodGroupsHelper.sortMethods() took 0 ms.
2026-03-14 20:34:23 INFO  Utils:112 - [Utils] MethodGroupsHelper.collectMethodsByGroup() took 0 ms.
2026-03-14 20:34:23 INFO  Utils:112 - [Utils] MethodGroupsHelper.sortMethods() took 0 ms.
2026-03-14 20:34:23 INFO  Utils:112 - [Utils] MethodGroupsHelper.collectMethodsByGroup() took 10 ms.
2026-03-14 20:34:23 INFO  Utils:112 - [Utils] MethodGroupsHelper.sortMethods() took 16 ms.
2026-03-14 20:34:23 INFO  Utils:112 - [Utils] MethodGroupsHelper.collectMethodsByGroup() took 0 ms.
2026-03-14 20:34:23 INFO  Utils:112 - [Utils] MethodGroupsHelper.sortMethods() took 0 ms.
2026-03-14 20:34:23 INFO  Utils:112 - [Utils] MethodGroupsHelper.collectMethodsByGroup() took 0 ms.
2026-03-14 20:34:23 INFO  Utils:112 - [Utils] MethodGroupsHelper.sortMethods() took 0 ms.
2026-03-14 20:34:23 INFO  Utils:112 - [Utils] MethodGroupsHelper.collectMethodsByGroup() took 0 ms.
2026-03-14 20:34:23 INFO  Utils:112 - [Utils] MethodGroupsHelper.sortMethods() took 0 ms.
2026-03-14 20:34:23 INFO  Utils:112 - [Utils] MethodGroupsHelper.collectMethodsByGroup() took 0 ms.
2026-03-14 20:34:23 INFO  Utils:112 - [Utils] MethodGroupsHelper.sortMethods() took 0 ms.
2026-03-14 20:34:23 INFO  Utils:112 - [Utils] MethodGroupsHelper.collectMethodsByGroup() took 0 ms.
2026-03-14 20:34:23 INFO  Utils:112 - [Utils] MethodGroupsHelper.sortMethods() took 0 ms.
2026-03-14 20:34:23 INFO  Utils:112 - [Utils] MethodGroupsHelper.collectMethodsByGroup() took 0 ms.
2026-03-14 20:34:23 INFO  Utils:112 - [Utils] MethodGroupsHelper.sortMethods() took 0 ms.
2026-03-14 20:34:23 INFO  Utils:112 - [Utils] MethodGroupsHelper.collectMethodsByGroup() took 0 ms.
2026-03-14 20:34:23 INFO  Utils:112 - [Utils] MethodGroupsHelper.sortMethods() took 0 ms.
2026-03-14 20:34:23 INFO  Utils:112 - [Utils] MethodGroupsHelper.collectMethodsByGroup() took 1 ms.
2026-03-14 20:34:23 INFO  Utils:112 - [Utils] MethodGroupsHelper.sortMethods() took 0 ms.
2026-03-14 20:34:23 INFO  Utils:112 - [Utils] MethodGroupsHelper.collectMethodsByGroup() took 0 ms.
2026-03-14 20:34:23 INFO  Utils:112 - [Utils] MethodGroupsHelper.sortMethods() took 0 ms.
2026-03-14 20:34:23 INFO  Utils:112 - [Utils] MethodGroupsHelper.collectMethodsByGroup() took 0 ms.
2026-03-14 20:34:23 INFO  Utils:112 - [Utils] MethodGroupsHelper.sortMethods() took 0 ms.
2026-03-14 20:34:23 INFO  Utils:112 - [TestNG] Running:
  C:\Users\Mahesh Thampu M\AppData\Local\Temp\testng-eclipse-1721045372\testng-customsuite.xml

2026-03-14 20:34:23 INFO  Utils:112 - [Utils] DynamicGraphHelper.createDynamicGraph() took 5 ms.
2026-03-14 20:34:23 INFO  Utils:112 - [TestNG] Time taken by org.testng.reporters.jq.Main@52b56a3e: 97 ms
2026-03-14 20:34:23 INFO  Utils:112 - [TestNG] Time taken by org.testng.reporters.FailedReporter@5f2f577: 39 ms
2026-03-14 20:34:23 INFO  Utils:112 - [TestNG] Time taken by org.testng.reporters.XMLReporter@35beb15e: 16 ms
2026-03-14 20:34:23 INFO  Utils:112 - [TestNG] Time taken by org.testng.reporters.EmailableReporter2@4204541c: 15 ms
2026-03-14 20:34:23 INFO  Utils:112 - [TestNG] Time taken by org.testng.reporters.JUnitReportReporter@69c79f09: 12 ms
2026-03-14 20:34:23 INFO  Utils:112 - [TestNG] Time taken by org.testng.internal.ExitCodeListener@1ca25c47: 1 ms
2026-03-14 20:34:57 INFO  Utils:112 - [Utils] MethodGroupsHelper.collectMethodsByGroup() took 0 ms.
2026-03-14 20:34:57 INFO  Utils:112 - [Utils] MethodGroupsHelper.sortMethods() took 2 ms.
2026-03-14 20:34:57 INFO  Utils:112 - [Utils] MethodGroupsHelper.collectMethodsByGroup() took 0 ms.
2026-03-14 20:34:57 INFO  Utils:112 - [Utils] MethodGroupsHelper.sortMethods() took 0 ms.
2026-03-14 20:34:57 INFO  Utils:112 - [Utils] MethodGroupsHelper.collectMethodsByGroup() took 0 ms.
2026-03-14 20:34:57 INFO  Utils:112 - [Utils] MethodGroupsHelper.sortMethods() took 0 ms.
2026-03-14 20:34:57 INFO  Utils:112 - [Utils] MethodGroupsHelper.collectMethodsByGroup() took 0 ms.
2026-03-14 20:34:57 INFO  Utils:112 - [Utils] MethodGroupsHelper.sortMethods() took 0 ms.
2026-03-14 20:34:57 INFO  Utils:112 - [Utils] MethodGroupsHelper.collectMethodsByGroup() took 8 ms.
2026-03-14 20:34:57 INFO  Utils:112 - [Utils] MethodGroupsHelper.sortMethods() took 16 ms.
2026-03-14 20:34:57 INFO  Utils:112 - [Utils] MethodGroupsHelper.collectMethodsByGroup() took 0 ms.
2026-03-14 20:34:57 INFO  Utils:112 - [Utils] MethodGroupsHelper.sortMethods() took 0 ms.
2026-03-14 20:34:57 INFO  Utils:112 - [Utils] MethodGroupsHelper.collectMethodsByGroup() took 0 ms.
2026-03-14 20:34:57 INFO  Utils:112 - [Utils] MethodGroupsHelper.sortMethods() took 0 ms.
2026-03-14 20:34:57 INFO  Utils:112 - [Utils] MethodGroupsHelper.collectMethodsByGroup() took 0 ms.
2026-03-14 20:34:57 INFO  Utils:112 - [Utils] MethodGroupsHelper.sortMethods() took 0 ms.
2026-03-14 20:34:57 INFO  Utils:112 - [Utils] MethodGroupsHelper.collectMethodsByGroup() took 0 ms.
2026-03-14 20:34:57 INFO  Utils:112 - [Utils] MethodGroupsHelper.sortMethods() took 0 ms.
2026-03-14 20:34:57 INFO  Utils:112 - [Utils] MethodGroupsHelper.collectMethodsByGroup() took 1 ms.
2026-03-14 20:34:57 INFO  Utils:112 - [Utils] MethodGroupsHelper.sortMethods() took 0 ms.
2026-03-14 20:34:57 INFO  Utils:112 - [Utils] MethodGroupsHelper.collectMethodsByGroup() took 0 ms.
2026-03-14 20:34:57 INFO  Utils:112 - [Utils] MethodGroupsHelper.sortMethods() took 0 ms.
2026-03-14 20:34:57 INFO  Utils:112 - [Utils] MethodGroupsHelper.collectMethodsByGroup() took 0 ms.
2026-03-14 20:34:57 INFO  Utils:112 - [Utils] MethodGroupsHelper.sortMethods() took 0 ms.
2026-03-14 20:34:57 INFO  Utils:112 - [Utils] MethodGroupsHelper.collectMethodsByGroup() took 0 ms.
2026-03-14 20:34:57 INFO  Utils:112 - [Utils] MethodGroupsHelper.sortMethods() took 0 ms.
2026-03-14 20:34:57 INFO  Utils:112 - [Utils] MethodGroupsHelper.collectMethodsByGroup() took 0 ms.
2026-03-14 20:34:57 INFO  Utils:112 - [Utils] MethodGroupsHelper.sortMethods() took 0 ms.
2026-03-14 20:34:57 INFO  Utils:112 - [Utils] MethodGroupsHelper.collectMethodsByGroup() took 0 ms.
2026-03-14 20:34:57 INFO  Utils:112 - [Utils] MethodGroupsHelper.sortMethods() took 0 ms.
2026-03-14 20:34:57 INFO  Utils:112 - [TestNG] Running:
  C:\Users\Mahesh Thampu M\AppData\Local\Temp\testng-eclipse-196932386\testng-customsuite.xml

2026-03-14 20:34:57 INFO  Utils:112 - [Utils] DynamicGraphHelper.createDynamicGraph() took 5 ms.
2026-03-14 20:35:02 INFO  TC_002_LoginTest:22 - started
2026-03-14 20:35:02 INFO  TC_002_LoginTest:23 - homepage
2026-03-14 20:35:03 INFO  TC_002_LoginTest:29 - loginpage
2026-03-14 20:35:04 INFO  Utils:112 - [TestNG] Time taken by org.testng.reporters.jq.Main@7cb2651f: 102 ms
2026-03-14 20:35:04 INFO  Utils:112 - [TestNG] Time taken by org.testng.reporters.FailedReporter@289fdb08: 20 ms
2026-03-14 20:35:04 INFO  Utils:112 - [TestNG] Time taken by org.testng.reporters.XMLReporter@5411dd90: 19 ms
2026-03-14 20:35:04 INFO  Utils:112 - [TestNG] Time taken by org.testng.reporters.EmailableReporter2@1f6d27cc: 12 ms
2026-03-14 20:35:04 INFO  Utils:112 - [TestNG] Time taken by org.testng.reporters.JUnitReportReporter@2c43eb8: 13 ms
2026-03-14 20:35:04 INFO  Utils:112 - [TestNG] Time taken by org.testng.internal.ExitCodeListener@7d0cc890: 0 ms
2026-03-14 20:36:02 INFO  Utils:112 - [Utils] MethodGroupsHelper.collectMethodsByGroup() took 1 ms.
2026-03-14 20:36:02 INFO  Utils:112 - [Utils] MethodGroupsHelper.sortMethods() took 1 ms.
2026-03-14 20:36:02 INFO  Utils:112 - [Utils] MethodGroupsHelper.collectMethodsByGroup() took 0 ms.
2026-03-14 20:36:02 INFO  Utils:112 - [Utils] MethodGroupsHelper.sortMethods() took 0 ms.
2026-03-14 20:36:02 INFO  Utils:112 - [Utils] MethodGroupsHelper.collectMethodsByGroup() took 0 ms.
2026-03-14 20:36:02 INFO  Utils:112 - [Utils] MethodGroupsHelper.sortMethods() took 0 ms.
2026-03-14 20:36:02 INFO  Utils:112 - [Utils] MethodGroupsHelper.collectMethodsByGroup() took 0 ms.
2026-03-14 20:36:02 INFO  Utils:112 - [Utils] MethodGroupsHelper.sortMethods() took 0 ms.
2026-03-14 20:36:02 INFO  Utils:112 - [Utils] MethodGroupsHelper.collectMethodsByGroup() took 10 ms.
2026-03-14 20:36:02 INFO  Utils:112 - [Utils] MethodGroupsHelper.sortMethods() took 16 ms.
2026-03-14 20:36:02 INFO  Utils:112 - [Utils] MethodGroupsHelper.collectMethodsByGroup() took 0 ms.
2026-03-14 20:36:02 INFO  Utils:112 - [Utils] MethodGroupsHelper.sortMethods() took 0 ms.
2026-03-14 20:36:02 INFO  Utils:112 - [Utils] MethodGroupsHelper.collectMethodsByGroup() took 0 ms.
2026-03-14 20:36:02 INFO  Utils:112 - [Utils] MethodGroupsHelper.sortMethods() took 0 ms.
2026-03-14 20:36:02 INFO  Utils:112 - [Utils] MethodGroupsHelper.collectMethodsByGroup() took 0 ms.
2026-03-14 20:36:02 INFO  Utils:112 - [Utils] MethodGroupsHelper.sortMethods() took 0 ms.
2026-03-14 20:36:02 INFO  Utils:112 - [Utils] MethodGroupsHelper.collectMethodsByGroup() took 0 ms.
2026-03-14 20:36:02 INFO  Utils:112 - [Utils] MethodGroupsHelper.sortMethods() took 0 ms.
2026-03-14 20:36:02 INFO  Utils:112 - [Utils] MethodGroupsHelper.collectMethodsByGroup() took 0 ms.
2026-03-14 20:36:02 INFO  Utils:112 - [Utils] MethodGroupsHelper.sortMethods() took 0 ms.
2026-03-14 20:36:02 INFO  Utils:112 - [Utils] MethodGroupsHelper.collectMethodsByGroup() took 0 ms.
2026-03-14 20:36:02 INFO  Utils:112 - [Utils] MethodGroupsHelper.sortMethods() took 0 ms.
2026-03-14 20:36:02 INFO  Utils:112 - [Utils] MethodGroupsHelper.collectMethodsByGroup() took 0 ms.
2026-03-14 20:36:02 INFO  Utils:112 - [Utils] MethodGroupsHelper.sortMethods() took 0 ms.
2026-03-14 20:36:02 INFO  Utils:112 - [Utils] MethodGroupsHelper.collectMethodsByGroup() took 0 ms.
2026-03-14 20:36:02 INFO  Utils:112 - [Utils] MethodGroupsHelper.sortMethods() took 1 ms.
2026-03-14 20:36:02 INFO  Utils:112 - [Utils] MethodGroupsHelper.collectMethodsByGroup() took 0 ms.
2026-03-14 20:36:02 INFO  Utils:112 - [Utils] MethodGroupsHelper.sortMethods() took 0 ms.
2026-03-14 20:36:02 INFO  Utils:112 - [Utils] MethodGroupsHelper.collectMethodsByGroup() took 0 ms.
2026-03-14 20:36:02 INFO  Utils:112 - [Utils] MethodGroupsHelper.sortMethods() took 0 ms.
2026-03-14 20:36:02 INFO  Utils:112 - [TestNG] Running:
  C:\Users\Mahesh Thampu M\AppData\Local\Temp\testng-eclipse-1344714976\testng-customsuite.xml

2026-03-14 20:36:02 INFO  Utils:112 - [Utils] DynamicGraphHelper.createDynamicGraph() took 6 ms.
2026-03-14 20:36:05 INFO  TC_002_LoginTest:22 - started
2026-03-14 20:36:05 INFO  TC_002_LoginTest:23 - homepage
2026-03-14 20:36:06 INFO  TC_002_LoginTest:29 - loginpage
2026-03-14 20:36:06 INFO  TC_002_LoginTest:32 - loginpage
2026-03-14 20:36:07 INFO  Utils:112 - [TestNG] Time taken by org.testng.reporters.jq.Main@7cb2651f: 95 ms
2026-03-14 20:36:07 INFO  Utils:112 - [TestNG] Time taken by org.testng.reporters.FailedReporter@289fdb08: 18 ms
2026-03-14 20:36:07 INFO  Utils:112 - [TestNG] Time taken by org.testng.reporters.XMLReporter@5411dd90: 15 ms
2026-03-14 20:36:07 INFO  Utils:112 - [TestNG] Time taken by org.testng.reporters.EmailableReporter2@1f6d27cc: 10 ms
2026-03-14 20:36:07 INFO  Utils:112 - [TestNG] Time taken by org.testng.reporters.JUnitReportReporter@2c43eb8: 13 ms
2026-03-14 20:36:07 INFO  Utils:112 - [TestNG] Time taken by org.testng.internal.ExitCodeListener@7d0cc890: 0 ms
2026-03-14 20:36:32 INFO  Utils:112 - [Utils] MethodGroupsHelper.collectMethodsByGroup() took 1 ms.
2026-03-14 20:36:32 INFO  Utils:112 - [Utils] MethodGroupsHelper.sortMethods() took 3 ms.
2026-03-14 20:36:32 INFO  Utils:112 - [Utils] MethodGroupsHelper.collectMethodsByGroup() took 0 ms.
2026-03-14 20:36:32 INFO  Utils:112 - [Utils] MethodGroupsHelper.sortMethods() took 0 ms.
2026-03-14 20:36:32 INFO  Utils:112 - [Utils] MethodGroupsHelper.collectMethodsByGroup() took 0 ms.
2026-03-14 20:36:32 INFO  Utils:112 - [Utils] MethodGroupsHelper.sortMethods() took 0 ms.
2026-03-14 20:36:32 INFO  Utils:112 - [Utils] MethodGroupsHelper.collectMethodsByGroup() took 0 ms.
2026-03-14 20:36:32 INFO  Utils:112 - [Utils] MethodGroupsHelper.sortMethods() took 0 ms.
2026-03-14 20:36:32 INFO  Utils:112 - [Utils] MethodGroupsHelper.collectMethodsByGroup() took 9 ms.
2026-03-14 20:36:32 INFO  Utils:112 - [Utils] MethodGroupsHelper.sortMethods() took 15 ms.
2026-03-14 20:36:32 INFO  Utils:112 - [Utils] MethodGroupsHelper.collectMethodsByGroup() took 0 ms.
2026-03-14 20:36:32 INFO  Utils:112 - [Utils] MethodGroupsHelper.sortMethods() took 0 ms.
2026-03-14 20:36:32 INFO  Utils:112 - [Utils] MethodGroupsHelper.collectMethodsByGroup() took 0 ms.
2026-03-14 20:36:32 INFO  Utils:112 - [Utils] MethodGroupsHelper.sortMethods() took 0 ms.
2026-03-14 20:36:32 INFO  Utils:112 - [Utils] MethodGroupsHelper.collectMethodsByGroup() took 0 ms.
2026-03-14 20:36:32 INFO  Utils:112 - [Utils] MethodGroupsHelper.sortMethods() took 0 ms.
2026-03-14 20:36:32 INFO  Utils:112 - [Utils] MethodGroupsHelper.collectMethodsByGroup() took 0 ms.
2026-03-14 20:36:32 INFO  Utils:112 - [Utils] MethodGroupsHelper.sortMethods() took 0 ms.
2026-03-14 20:36:32 INFO  Utils:112 - [Utils] MethodGroupsHelper.collectMethodsByGroup() took 0 ms.
2026-03-14 20:36:32 INFO  Utils:112 - [Utils] MethodGroupsHelper.sortMethods() took 0 ms.
2026-03-14 20:36:32 INFO  Utils:112 - [Utils] MethodGroupsHelper.collectMethodsByGroup() took 0 ms.
2026-03-14 20:36:32 INFO  Utils:112 - [Utils] MethodGroupsHelper.sortMethods() took 0 ms.
2026-03-14 20:36:32 INFO  Utils:112 - [Utils] MethodGroupsHelper.collectMethodsByGroup() took 0 ms.
2026-03-14 20:36:32 INFO  Utils:112 - [Utils] MethodGroupsHelper.sortMethods() took 0 ms.
2026-03-14 20:36:32 INFO  Utils:112 - [Utils] MethodGroupsHelper.collectMethodsByGroup() took 1 ms.
2026-03-14 20:36:32 INFO  Utils:112 - [Utils] MethodGroupsHelper.sortMethods() took 0 ms.
2026-03-14 20:36:32 INFO  Utils:112 - [Utils] MethodGroupsHelper.collectMethodsByGroup() took 0 ms.
2026-03-14 20:36:32 INFO  Utils:112 - [Utils] MethodGroupsHelper.sortMethods() took 0 ms.
2026-03-14 20:36:32 INFO  Utils:112 - [Utils] MethodGroupsHelper.collectMethodsByGroup() took 0 ms.
2026-03-14 20:36:32 INFO  Utils:112 - [Utils] MethodGroupsHelper.sortMethods() took 0 ms.
2026-03-14 20:36:32 INFO  Utils:112 - [TestNG] Running:
  C:\Users\Mahesh Thampu M\AppData\Local\Temp\testng-eclipse--149018172\testng-customsuite.xml

2026-03-14 20:36:32 INFO  Utils:112 - [Utils] DynamicGraphHelper.createDynamicGraph() took 8 ms.
2026-03-14 20:36:35 INFO  TC_002_LoginTest:22 - started
2026-03-14 20:36:35 INFO  TC_002_LoginTest:23 - homepage
2026-03-14 20:36:36 INFO  TC_002_LoginTest:29 - loginpage
2026-03-14 20:36:36 INFO  TC_002_LoginTest:32 - use
2026-03-14 20:36:36 INFO  TC_002_LoginTest:34 - pass
2026-03-14 20:36:37 INFO  Utils:112 - [TestNG] Time taken by org.testng.reporters.jq.Main@7cb2651f: 121 ms
2026-03-14 20:36:37 INFO  Utils:112 - [TestNG] Time taken by org.testng.reporters.FailedReporter@289fdb08: 18 ms
2026-03-14 20:36:37 INFO  Utils:112 - [TestNG] Time taken by org.testng.reporters.XMLReporter@5411dd90: 17 ms
2026-03-14 20:36:37 INFO  Utils:112 - [TestNG] Time taken by org.testng.reporters.EmailableReporter2@1f6d27cc: 11 ms
2026-03-14 20:36:37 INFO  Utils:112 - [TestNG] Time taken by org.testng.reporters.JUnitReportReporter@2c43eb8: 13 ms
2026-03-14 20:36:37 INFO  Utils:112 - [TestNG] Time taken by org.testng.internal.ExitCodeListener@7d0cc890: 0 ms
2026-03-14 20:37:51 INFO  Utils:112 - [Utils] MethodGroupsHelper.collectMethodsByGroup() took 0 ms.
2026-03-14 20:37:51 INFO  Utils:112 - [Utils] MethodGroupsHelper.sortMethods() took 1 ms.
2026-03-14 20:37:51 INFO  Utils:112 - [Utils] MethodGroupsHelper.collectMethodsByGroup() took 0 ms.
2026-03-14 20:37:51 INFO  Utils:112 - [Utils] MethodGroupsHelper.sortMethods() took 0 ms.
2026-03-14 20:37:51 INFO  Utils:112 - [Utils] MethodGroupsHelper.collectMethodsByGroup() took 0 ms.
2026-03-14 20:37:51 INFO  Utils:112 - [Utils] MethodGroupsHelper.sortMethods() took 0 ms.
2026-03-14 20:37:51 INFO  Utils:112 - [Utils] MethodGroupsHelper.collectMethodsByGroup() took 0 ms.
2026-03-14 20:37:51 INFO  Utils:112 - [Utils] MethodGroupsHelper.sortMethods() took 0 ms.
2026-03-14 20:37:51 INFO  Utils:112 - [Utils] MethodGroupsHelper.collectMethodsByGroup() took 8 ms.
2026-03-14 20:37:51 INFO  Utils:112 - [Utils] MethodGroupsHelper.sortMethods() took 17 ms.
2026-03-14 20:37:51 INFO  Utils:112 - [Utils] MethodGroupsHelper.collectMethodsByGroup() took 1 ms.
2026-03-14 20:37:51 INFO  Utils:112 - [Utils] MethodGroupsHelper.sortMethods() took 0 ms.
2026-03-14 20:37:51 INFO  Utils:112 - [Utils] MethodGroupsHelper.collectMethodsByGroup() took 0 ms.
2026-03-14 20:37:51 INFO  Utils:112 - [Utils] MethodGroupsHelper.sortMethods() took 0 ms.
2026-03-14 20:37:51 INFO  Utils:112 - [Utils] MethodGroupsHelper.collectMethodsByGroup() took 0 ms.
2026-03-14 20:37:51 INFO  Utils:112 - [Utils] MethodGroupsHelper.sortMethods() took 0 ms.
2026-03-14 20:37:51 INFO  Utils:112 - [Utils] MethodGroupsHelper.collectMethodsByGroup() took 0 ms.
2026-03-14 20:37:51 INFO  Utils:112 - [Utils] MethodGroupsHelper.sortMethods() took 0 ms.
2026-03-14 20:37:51 INFO  Utils:112 - [Utils] MethodGroupsHelper.collectMethodsByGroup() took 0 ms.
2026-03-14 20:37:51 INFO  Utils:112 - [Utils] MethodGroupsHelper.sortMethods() took 0 ms.
2026-03-14 20:37:51 INFO  Utils:112 - [Utils] MethodGroupsHelper.collectMethodsByGroup() took 0 ms.
2026-03-14 20:37:51 INFO  Utils:112 - [Utils] MethodGroupsHelper.sortMethods() took 0 ms.
2026-03-14 20:37:51 INFO  Utils:112 - [Utils] MethodGroupsHelper.collectMethodsByGroup() took 0 ms.
2026-03-14 20:37:51 INFO  Utils:112 - [Utils] MethodGroupsHelper.sortMethods() took 1 ms.
2026-03-14 20:37:51 INFO  Utils:112 - [Utils] MethodGroupsHelper.collectMethodsByGroup() took 0 ms.
2026-03-14 20:37:51 INFO  Utils:112 - [Utils] MethodGroupsHelper.sortMethods() took 0 ms.
2026-03-14 20:37:51 INFO  Utils:112 - [Utils] MethodGroupsHelper.collectMethodsByGroup() took 0 ms.
2026-03-14 20:37:51 INFO  Utils:112 - [Utils] MethodGroupsHelper.sortMethods() took 0 ms.
2026-03-14 20:37:51 INFO  Utils:112 - [Utils] MethodGroupsHelper.collectMethodsByGroup() took 0 ms.
2026-03-14 20:37:51 INFO  Utils:112 - [Utils] MethodGroupsHelper.sortMethods() took 0 ms.
2026-03-14 20:37:51 INFO  Utils:112 - [TestNG] Running:
  C:\Users\Mahesh Thampu M\AppData\Local\Temp\testng-eclipse-1160221038\testng-customsuite.xml

2026-03-14 20:37:51 INFO  Utils:112 - [Utils] DynamicGraphHelper.createDynamicGraph() took 6 ms.
2026-03-14 20:37:55 INFO  TC_002_LoginTest:22 - started
2026-03-14 20:37:55 INFO  TC_002_LoginTest:23 - homepage
2026-03-14 20:37:55 INFO  TC_002_LoginTest:29 - loginpage
2026-03-14 20:37:56 INFO  TC_002_LoginTest:32 - use
2026-03-14 20:37:56 INFO  TC_002_LoginTest:34 - pass
2026-03-14 20:37:56 INFO  TC_002_LoginTest:37 - my accpage
2026-03-14 20:37:57 INFO  TC_002_LoginTest:42 - finisehd tc002
2026-03-14 20:37:57 INFO  Utils:112 - [TestNG] Time taken by org.testng.reporters.jq.Main@4441d567: 81 ms
2026-03-14 20:37:57 INFO  Utils:112 - [TestNG] Time taken by org.testng.reporters.FailedReporter@dcc6211: 2 ms
2026-03-14 20:37:57 INFO  Utils:112 - [TestNG] Time taken by org.testng.reporters.XMLReporter@3cd59ef5: 11 ms
2026-03-14 20:37:57 INFO  Utils:112 - [TestNG] Time taken by org.testng.reporters.EmailableReporter2@35835e65: 9 ms
2026-03-14 20:37:57 INFO  Utils:112 - [TestNG] Time taken by org.testng.reporters.JUnitReportReporter@7ce9e05a: 9 ms
2026-03-14 20:37:57 INFO  Utils:112 - [TestNG] Time taken by org.testng.internal.ExitCodeListener@4992613f: 0 ms
